{"/home/runner/work/alteriom-mqtt-schema/alteriom-mqtt-schema/src/validators.ts": {"path":"/home/runner/work/alteriom-mqtt-schema/alteriom-mqtt-schema/src/validators.ts","statementMap":{"0":{"start":{"line":30,"column":17},"end":{"line":30,"column":null}},"1":{"start":{"line":31,"column":19},"end":{"line":31,"column":null}},"2":{"start":{"line":32,"column":24},"end":{"line":32,"column":null}},"3":{"start":{"line":33,"column":21},"end":{"line":33,"column":null}},"4":{"start":{"line":34,"column":19},"end":{"line":34,"column":null}},"5":{"start":{"line":35,"column":22},"end":{"line":35,"column":null}},"6":{"start":{"line":36,"column":20},"end":{"line":36,"column":null}},"7":{"start":{"line":37,"column":23},"end":{"line":37,"column":null}},"8":{"start":{"line":38,"column":20},"end":{"line":38,"column":null}},"9":{"start":{"line":39,"column":25},"end":{"line":39,"column":null}},"10":{"start":{"line":40,"column":22},"end":{"line":40,"column":null}},"11":{"start":{"line":41,"column":23},"end":{"line":41,"column":null}},"12":{"start":{"line":42,"column":24},"end":{"line":42,"column":null}},"13":{"start":{"line":43,"column":16},"end":{"line":43,"column":null}},"14":{"start":{"line":44,"column":24},"end":{"line":44,"column":null}},"15":{"start":{"line":45,"column":21},"end":{"line":45,"column":null}},"16":{"start":{"line":46,"column":21},"end":{"line":46,"column":null}},"17":{"start":{"line":47,"column":18},"end":{"line":47,"column":null}},"18":{"start":{"line":48,"column":19},"end":{"line":48,"column":null}},"19":{"start":{"line":49,"column":19},"end":{"line":49,"column":null}},"20":{"start":{"line":50,"column":20},"end":{"line":50,"column":null}},"21":{"start":{"line":51,"column":21},"end":{"line":51,"column":null}},"22":{"start":{"line":54,"column":23},"end":{"line":54,"column":null}},"23":{"start":{"line":62,"column":2},"end":{"line":62,"column":null}},"24":{"start":{"line":62,"column":12},"end":{"line":62,"column":null}},"25":{"start":{"line":63,"column":2},"end":{"line":68,"column":null}},"26":{"start":{"line":69,"column":2},"end":{"line":69,"column":null}},"27":{"start":{"line":71,"column":2},"end":{"line":71,"column":null}},"28":{"start":{"line":72,"column":2},"end":{"line":72,"column":null}},"29":{"start":{"line":81,"column":16},"end":{"line":81,"column":null}},"30":{"start":{"line":82,"column":2},"end":{"line":82,"column":null}},"31":{"start":{"line":82,"column":13},"end":{"line":82,"column":null}},"32":{"start":{"line":83,"column":2},"end":{"line":86,"column":null}},"33":{"start":{"line":85,"column":45},"end":{"line":85,"column":97}},"34":{"start":{"line":90,"column":12},"end":{"line":90,"column":null}},"35":{"start":{"line":92,"column":27},"end":{"line":92,"column":null}},"36":{"start":{"line":93,"column":32},"end":{"line":93,"column":null}},"37":{"start":{"line":94,"column":29},"end":{"line":94,"column":null}},"38":{"start":{"line":95,"column":27},"end":{"line":95,"column":null}},"39":{"start":{"line":96,"column":30},"end":{"line":96,"column":null}},"40":{"start":{"line":97,"column":28},"end":{"line":97,"column":null}},"41":{"start":{"line":98,"column":31},"end":{"line":98,"column":null}},"42":{"start":{"line":99,"column":28},"end":{"line":99,"column":null}},"43":{"start":{"line":100,"column":33},"end":{"line":100,"column":null}},"44":{"start":{"line":101,"column":30},"end":{"line":101,"column":null}},"45":{"start":{"line":102,"column":31},"end":{"line":102,"column":null}},"46":{"start":{"line":103,"column":32},"end":{"line":103,"column":null}},"47":{"start":{"line":104,"column":24},"end":{"line":104,"column":null}},"48":{"start":{"line":105,"column":32},"end":{"line":105,"column":null}},"49":{"start":{"line":106,"column":29},"end":{"line":106,"column":null}},"50":{"start":{"line":107,"column":29},"end":{"line":107,"column":null}},"51":{"start":{"line":108,"column":26},"end":{"line":108,"column":null}},"52":{"start":{"line":109,"column":27},"end":{"line":109,"column":null}},"53":{"start":{"line":110,"column":27},"end":{"line":110,"column":null}},"54":{"start":{"line":111,"column":28},"end":{"line":111,"column":null}},"55":{"start":{"line":112,"column":29},"end":{"line":112,"column":null}},"56":{"start":{"line":114,"column":26},"end":{"line":136,"column":null}},"57":{"start":{"line":115,"column":30},"end":{"line":115,"column":null}},"58":{"start":{"line":116,"column":35},"end":{"line":116,"column":null}},"59":{"start":{"line":117,"column":32},"end":{"line":117,"column":null}},"60":{"start":{"line":118,"column":30},"end":{"line":118,"column":null}},"61":{"start":{"line":119,"column":33},"end":{"line":119,"column":null}},"62":{"start":{"line":120,"column":31},"end":{"line":120,"column":null}},"63":{"start":{"line":121,"column":34},"end":{"line":121,"column":null}},"64":{"start":{"line":122,"column":31},"end":{"line":122,"column":null}},"65":{"start":{"line":123,"column":36},"end":{"line":123,"column":null}},"66":{"start":{"line":124,"column":33},"end":{"line":124,"column":null}},"67":{"start":{"line":125,"column":34},"end":{"line":125,"column":null}},"68":{"start":{"line":126,"column":35},"end":{"line":126,"column":null}},"69":{"start":{"line":127,"column":27},"end":{"line":127,"column":null}},"70":{"start":{"line":128,"column":35},"end":{"line":128,"column":null}},"71":{"start":{"line":129,"column":32},"end":{"line":129,"column":null}},"72":{"start":{"line":130,"column":32},"end":{"line":130,"column":null}},"73":{"start":{"line":131,"column":29},"end":{"line":131,"column":null}},"74":{"start":{"line":132,"column":30},"end":{"line":132,"column":null}},"75":{"start":{"line":133,"column":30},"end":{"line":133,"column":null}},"76":{"start":{"line":134,"column":31},"end":{"line":134,"column":null}},"77":{"start":{"line":135,"column":32},"end":{"line":135,"column":null}},"78":{"start":{"line":141,"column":2},"end":{"line":141,"column":null}},"79":{"start":{"line":145,"column":56},"end":{"line":167,"column":null}},"80":{"start":{"line":172,"column":2},"end":{"line":173,"column":null}},"81":{"start":{"line":173,"column":4},"end":{"line":173,"column":null}},"82":{"start":{"line":176,"column":2},"end":{"line":179,"column":null}},"83":{"start":{"line":177,"column":17},"end":{"line":177,"column":null}},"84":{"start":{"line":178,"column":4},"end":{"line":178,"column":null}},"85":{"start":{"line":183,"column":2},"end":{"line":183,"column":null}},"86":{"start":{"line":183,"column":32},"end":{"line":183,"column":null}},"87":{"start":{"line":184,"column":2},"end":{"line":185,"column":null}},"88":{"start":{"line":185,"column":4},"end":{"line":185,"column":null}},"89":{"start":{"line":186,"column":2},"end":{"line":187,"column":null}},"90":{"start":{"line":187,"column":4},"end":{"line":187,"column":null}},"91":{"start":{"line":188,"column":2},"end":{"line":189,"column":null}},"92":{"start":{"line":189,"column":4},"end":{"line":189,"column":null}},"93":{"start":{"line":192,"column":2},"end":{"line":193,"column":null}},"94":{"start":{"line":193,"column":4},"end":{"line":193,"column":null}},"95":{"start":{"line":194,"column":2},"end":{"line":195,"column":null}},"96":{"start":{"line":195,"column":4},"end":{"line":195,"column":null}},"97":{"start":{"line":198,"column":2},"end":{"line":206,"column":null}},"98":{"start":{"line":199,"column":4},"end":{"line":200,"column":null}},"99":{"start":{"line":200,"column":6},"end":{"line":200,"column":null}},"100":{"start":{"line":201,"column":4},"end":{"line":202,"column":null}},"101":{"start":{"line":202,"column":6},"end":{"line":202,"column":null}},"102":{"start":{"line":203,"column":4},"end":{"line":203,"column":null}},"103":{"start":{"line":203,"column":22},"end":{"line":203,"column":null}},"104":{"start":{"line":204,"column":4},"end":{"line":205,"column":null}},"105":{"start":{"line":205,"column":6},"end":{"line":205,"column":null}},"106":{"start":{"line":208,"column":2},"end":{"line":227,"column":null}},"107":{"start":{"line":209,"column":4},"end":{"line":209,"column":null}},"108":{"start":{"line":209,"column":22},"end":{"line":209,"column":null}},"109":{"start":{"line":210,"column":4},"end":{"line":210,"column":null}},"110":{"start":{"line":210,"column":22},"end":{"line":210,"column":null}},"111":{"start":{"line":211,"column":4},"end":{"line":224,"column":null}},"112":{"start":{"line":224,"column":6},"end":{"line":224,"column":null}},"113":{"start":{"line":225,"column":4},"end":{"line":226,"column":null}},"114":{"start":{"line":226,"column":6},"end":{"line":226,"column":null}},"115":{"start":{"line":230,"column":2},"end":{"line":231,"column":null}},"116":{"start":{"line":231,"column":4},"end":{"line":231,"column":null}},"117":{"start":{"line":232,"column":2},"end":{"line":233,"column":null}},"118":{"start":{"line":233,"column":4},"end":{"line":233,"column":null}},"119":{"start":{"line":234,"column":2},"end":{"line":234,"column":null}},"120":{"start":{"line":234,"column":34},"end":{"line":234,"column":null}},"121":{"start":{"line":235,"column":2},"end":{"line":255,"column":null}},"122":{"start":{"line":255,"column":4},"end":{"line":255,"column":null}},"123":{"start":{"line":256,"column":2},"end":{"line":257,"column":null}},"124":{"start":{"line":257,"column":4},"end":{"line":257,"column":null}},"125":{"start":{"line":258,"column":2},"end":{"line":259,"column":null}},"126":{"start":{"line":259,"column":4},"end":{"line":259,"column":null}},"127":{"start":{"line":262,"column":2},"end":{"line":262,"column":null}}},"fnMap":{"0":{"name":"getAjv","decl":{"start":{"line":61,"column":9},"end":{"line":61,"column":16}},"loc":{"start":{"line":61,"column":44},"end":{"line":73,"column":null}},"line":61},"1":{"name":"toResult","decl":{"start":{"line":80,"column":9},"end":{"line":80,"column":18}},"loc":{"start":{"line":80,"column":72},"end":{"line":87,"column":null}},"line":80},"2":{"name":"(anonymous_2)","decl":{"start":{"line":85,"column":33},"end":{"line":85,"column":34}},"loc":{"start":{"line":85,"column":45},"end":{"line":85,"column":97}},"line":85},"3":{"name":"(anonymous_3)","decl":{"start":{"line":115,"column":14},"end":{"line":115,"column":15}},"loc":{"start":{"line":115,"column":30},"end":{"line":115,"column":null}},"line":115},"4":{"name":"(anonymous_4)","decl":{"start":{"line":116,"column":19},"end":{"line":116,"column":20}},"loc":{"start":{"line":116,"column":35},"end":{"line":116,"column":null}},"line":116},"5":{"name":"(anonymous_5)","decl":{"start":{"line":117,"column":16},"end":{"line":117,"column":17}},"loc":{"start":{"line":117,"column":32},"end":{"line":117,"column":null}},"line":117},"6":{"name":"(anonymous_6)","decl":{"start":{"line":118,"column":14},"end":{"line":118,"column":15}},"loc":{"start":{"line":118,"column":30},"end":{"line":118,"column":null}},"line":118},"7":{"name":"(anonymous_7)","decl":{"start":{"line":119,"column":17},"end":{"line":119,"column":18}},"loc":{"start":{"line":119,"column":33},"end":{"line":119,"column":null}},"line":119},"8":{"name":"(anonymous_8)","decl":{"start":{"line":120,"column":15},"end":{"line":120,"column":16}},"loc":{"start":{"line":120,"column":31},"end":{"line":120,"column":null}},"line":120},"9":{"name":"(anonymous_9)","decl":{"start":{"line":121,"column":18},"end":{"line":121,"column":19}},"loc":{"start":{"line":121,"column":34},"end":{"line":121,"column":null}},"line":121},"10":{"name":"(anonymous_10)","decl":{"start":{"line":122,"column":15},"end":{"line":122,"column":16}},"loc":{"start":{"line":122,"column":31},"end":{"line":122,"column":null}},"line":122},"11":{"name":"(anonymous_11)","decl":{"start":{"line":123,"column":20},"end":{"line":123,"column":21}},"loc":{"start":{"line":123,"column":36},"end":{"line":123,"column":null}},"line":123},"12":{"name":"(anonymous_12)","decl":{"start":{"line":124,"column":17},"end":{"line":124,"column":18}},"loc":{"start":{"line":124,"column":33},"end":{"line":124,"column":null}},"line":124},"13":{"name":"(anonymous_13)","decl":{"start":{"line":125,"column":18},"end":{"line":125,"column":19}},"loc":{"start":{"line":125,"column":34},"end":{"line":125,"column":null}},"line":125},"14":{"name":"(anonymous_14)","decl":{"start":{"line":126,"column":19},"end":{"line":126,"column":20}},"loc":{"start":{"line":126,"column":35},"end":{"line":126,"column":null}},"line":126},"15":{"name":"(anonymous_15)","decl":{"start":{"line":127,"column":11},"end":{"line":127,"column":12}},"loc":{"start":{"line":127,"column":27},"end":{"line":127,"column":null}},"line":127},"16":{"name":"(anonymous_16)","decl":{"start":{"line":128,"column":19},"end":{"line":128,"column":20}},"loc":{"start":{"line":128,"column":35},"end":{"line":128,"column":null}},"line":128},"17":{"name":"(anonymous_17)","decl":{"start":{"line":129,"column":16},"end":{"line":129,"column":17}},"loc":{"start":{"line":129,"column":32},"end":{"line":129,"column":null}},"line":129},"18":{"name":"(anonymous_18)","decl":{"start":{"line":130,"column":16},"end":{"line":130,"column":17}},"loc":{"start":{"line":130,"column":32},"end":{"line":130,"column":null}},"line":130},"19":{"name":"(anonymous_19)","decl":{"start":{"line":131,"column":13},"end":{"line":131,"column":14}},"loc":{"start":{"line":131,"column":29},"end":{"line":131,"column":null}},"line":131},"20":{"name":"(anonymous_20)","decl":{"start":{"line":132,"column":14},"end":{"line":132,"column":15}},"loc":{"start":{"line":132,"column":30},"end":{"line":132,"column":null}},"line":132},"21":{"name":"(anonymous_21)","decl":{"start":{"line":133,"column":14},"end":{"line":133,"column":15}},"loc":{"start":{"line":133,"column":30},"end":{"line":133,"column":null}},"line":133},"22":{"name":"(anonymous_22)","decl":{"start":{"line":134,"column":15},"end":{"line":134,"column":16}},"loc":{"start":{"line":134,"column":31},"end":{"line":134,"column":null}},"line":134},"23":{"name":"(anonymous_23)","decl":{"start":{"line":135,"column":16},"end":{"line":135,"column":17}},"loc":{"start":{"line":135,"column":32},"end":{"line":135,"column":null}},"line":135},"24":{"name":"validateMessage","decl":{"start":{"line":140,"column":16},"end":{"line":140,"column":32}},"loc":{"start":{"line":140,"column":86},"end":{"line":142,"column":null}},"line":140},"25":{"name":"classifyAndValidate","decl":{"start":{"line":171,"column":16},"end":{"line":171,"column":36}},"loc":{"start":{"line":171,"column":99},"end":{"line":263,"column":null}},"line":171}},"branchMap":{"0":{"loc":{"start":{"line":62,"column":2},"end":{"line":62,"column":null}},"type":"if","locations":[{"start":{"line":62,"column":2},"end":{"line":62,"column":null}},{"start":{},"end":{}}],"line":62},"1":{"loc":{"start":{"line":82,"column":2},"end":{"line":82,"column":null}},"type":"if","locations":[{"start":{"line":82,"column":2},"end":{"line":82,"column":null}},{"start":{},"end":{}}],"line":82},"2":{"loc":{"start":{"line":85,"column":13},"end":{"line":85,"column":29}},"type":"binary-expr","locations":[{"start":{"line":85,"column":13},"end":{"line":85,"column":25}},{"start":{"line":85,"column":25},"end":{"line":85,"column":29}}],"line":85},"3":{"loc":{"start":{"line":85,"column":48},"end":{"line":85,"column":69}},"type":"binary-expr","locations":[{"start":{"line":85,"column":48},"end":{"line":85,"column":66}},{"start":{"line":85,"column":66},"end":{"line":85,"column":69}}],"line":85},"4":{"loc":{"start":{"line":85,"column":73},"end":{"line":85,"column":88}},"type":"binary-expr","locations":[{"start":{"line":85,"column":73},"end":{"line":85,"column":86}},{"start":{"line":85,"column":86},"end":{"line":85,"column":88}}],"line":85},"5":{"loc":{"start":{"line":172,"column":2},"end":{"line":173,"column":null}},"type":"if","locations":[{"start":{"line":172,"column":2},"end":{"line":173,"column":null}},{"start":{},"end":{}}],"line":172},"6":{"loc":{"start":{"line":172,"column":6},"end":{"line":172,"column":null}},"type":"binary-expr","locations":[{"start":{"line":172,"column":6},"end":{"line":172,"column":15}},{"start":{"line":172,"column":15},"end":{"line":172,"column":null}}],"line":172},"7":{"loc":{"start":{"line":176,"column":2},"end":{"line":179,"column":null}},"type":"if","locations":[{"start":{"line":176,"column":2},"end":{"line":179,"column":null}},{"start":{},"end":{}}],"line":176},"8":{"loc":{"start":{"line":176,"column":6},"end":{"line":176,"column":86}},"type":"binary-expr","locations":[{"start":{"line":176,"column":6},"end":{"line":176,"column":47}},{"start":{"line":176,"column":47},"end":{"line":176,"column":86}}],"line":176},"9":{"loc":{"start":{"line":183,"column":2},"end":{"line":183,"column":null}},"type":"if","locations":[{"start":{"line":183,"column":2},"end":{"line":183,"column":null}},{"start":{},"end":{}}],"line":183},"10":{"loc":{"start":{"line":184,"column":2},"end":{"line":185,"column":null}},"type":"if","locations":[{"start":{"line":184,"column":2},"end":{"line":185,"column":null}},{"start":{},"end":{}}],"line":184},"11":{"loc":{"start":{"line":186,"column":2},"end":{"line":187,"column":null}},"type":"if","locations":[{"start":{"line":186,"column":2},"end":{"line":187,"column":null}},{"start":{},"end":{}}],"line":186},"12":{"loc":{"start":{"line":188,"column":2},"end":{"line":189,"column":null}},"type":"if","locations":[{"start":{"line":188,"column":2},"end":{"line":189,"column":null}},{"start":{},"end":{}}],"line":188},"13":{"loc":{"start":{"line":188,"column":6},"end":{"line":188,"column":null}},"type":"binary-expr","locations":[{"start":{"line":188,"column":6},"end":{"line":188,"column":20}},{"start":{"line":188,"column":20},"end":{"line":188,"column":null}}],"line":188},"14":{"loc":{"start":{"line":192,"column":2},"end":{"line":193,"column":null}},"type":"if","locations":[{"start":{"line":192,"column":2},"end":{"line":193,"column":null}},{"start":{},"end":{}}],"line":192},"15":{"loc":{"start":{"line":192,"column":6},"end":{"line":192,"column":null}},"type":"binary-expr","locations":[{"start":{"line":192,"column":6},"end":{"line":192,"column":26}},{"start":{"line":192,"column":26},"end":{"line":192,"column":null}}],"line":192},"16":{"loc":{"start":{"line":194,"column":2},"end":{"line":195,"column":null}},"type":"if","locations":[{"start":{"line":194,"column":2},"end":{"line":195,"column":null}},{"start":{},"end":{}}],"line":194},"17":{"loc":{"start":{"line":194,"column":6},"end":{"line":194,"column":null}},"type":"binary-expr","locations":[{"start":{"line":194,"column":6},"end":{"line":194,"column":30}},{"start":{"line":194,"column":30},"end":{"line":194,"column":46}},{"start":{"line":194,"column":46},"end":{"line":194,"column":null}}],"line":194},"18":{"loc":{"start":{"line":198,"column":2},"end":{"line":206,"column":null}},"type":"if","locations":[{"start":{"line":198,"column":2},"end":{"line":206,"column":null}},{"start":{},"end":{}}],"line":198},"19":{"loc":{"start":{"line":199,"column":4},"end":{"line":200,"column":null}},"type":"if","locations":[{"start":{"line":199,"column":4},"end":{"line":200,"column":null}},{"start":{},"end":{}}],"line":199},"20":{"loc":{"start":{"line":199,"column":8},"end":{"line":199,"column":null}},"type":"binary-expr","locations":[{"start":{"line":199,"column":8},"end":{"line":199,"column":24}},{"start":{"line":199,"column":24},"end":{"line":199,"column":null}}],"line":199},"21":{"loc":{"start":{"line":201,"column":4},"end":{"line":202,"column":null}},"type":"if","locations":[{"start":{"line":201,"column":4},"end":{"line":202,"column":null}},{"start":{},"end":{}}],"line":201},"22":{"loc":{"start":{"line":201,"column":8},"end":{"line":201,"column":null}},"type":"binary-expr","locations":[{"start":{"line":201,"column":8},"end":{"line":201,"column":29}},{"start":{"line":201,"column":29},"end":{"line":201,"column":54}},{"start":{"line":201,"column":54},"end":{"line":201,"column":null}}],"line":201},"23":{"loc":{"start":{"line":203,"column":4},"end":{"line":203,"column":null}},"type":"if","locations":[{"start":{"line":203,"column":4},"end":{"line":203,"column":null}},{"start":{},"end":{}}],"line":203},"24":{"loc":{"start":{"line":204,"column":4},"end":{"line":205,"column":null}},"type":"if","locations":[{"start":{"line":204,"column":4},"end":{"line":205,"column":null}},{"start":{},"end":{}}],"line":204},"25":{"loc":{"start":{"line":204,"column":8},"end":{"line":204,"column":null}},"type":"binary-expr","locations":[{"start":{"line":204,"column":8},"end":{"line":204,"column":23}},{"start":{"line":204,"column":23},"end":{"line":204,"column":null}}],"line":204},"26":{"loc":{"start":{"line":208,"column":2},"end":{"line":227,"column":null}},"type":"if","locations":[{"start":{"line":208,"column":2},"end":{"line":227,"column":null}},{"start":{},"end":{}}],"line":208},"27":{"loc":{"start":{"line":209,"column":4},"end":{"line":209,"column":null}},"type":"if","locations":[{"start":{"line":209,"column":4},"end":{"line":209,"column":null}},{"start":{},"end":{}}],"line":209},"28":{"loc":{"start":{"line":210,"column":4},"end":{"line":210,"column":null}},"type":"if","locations":[{"start":{"line":210,"column":4},"end":{"line":210,"column":null}},{"start":{},"end":{}}],"line":210},"29":{"loc":{"start":{"line":211,"column":4},"end":{"line":224,"column":null}},"type":"if","locations":[{"start":{"line":211,"column":4},"end":{"line":224,"column":null}},{"start":{},"end":{}}],"line":211},"30":{"loc":{"start":{"line":212,"column":6},"end":{"line":222,"column":null}},"type":"binary-expr","locations":[{"start":{"line":212,"column":6},"end":{"line":212,"column":null}},{"start":{"line":213,"column":6},"end":{"line":222,"column":null}}],"line":212},"31":{"loc":{"start":{"line":225,"column":4},"end":{"line":226,"column":null}},"type":"if","locations":[{"start":{"line":225,"column":4},"end":{"line":226,"column":null}},{"start":{},"end":{}}],"line":225},"32":{"loc":{"start":{"line":230,"column":2},"end":{"line":231,"column":null}},"type":"if","locations":[{"start":{"line":230,"column":2},"end":{"line":231,"column":null}},{"start":{},"end":{}}],"line":230},"33":{"loc":{"start":{"line":232,"column":2},"end":{"line":233,"column":null}},"type":"if","locations":[{"start":{"line":232,"column":2},"end":{"line":233,"column":null}},{"start":{},"end":{}}],"line":232},"34":{"loc":{"start":{"line":234,"column":2},"end":{"line":234,"column":null}},"type":"if","locations":[{"start":{"line":234,"column":2},"end":{"line":234,"column":null}},{"start":{},"end":{}}],"line":234},"35":{"loc":{"start":{"line":235,"column":2},"end":{"line":255,"column":null}},"type":"if","locations":[{"start":{"line":235,"column":2},"end":{"line":255,"column":null}},{"start":{},"end":{}}],"line":235},"36":{"loc":{"start":{"line":236,"column":4},"end":{"line":253,"column":null}},"type":"binary-expr","locations":[{"start":{"line":236,"column":4},"end":{"line":236,"column":null}},{"start":{"line":237,"column":5},"end":{"line":237,"column":null}},{"start":{"line":238,"column":6},"end":{"line":253,"column":null}}],"line":236},"37":{"loc":{"start":{"line":256,"column":2},"end":{"line":257,"column":null}},"type":"if","locations":[{"start":{"line":256,"column":2},"end":{"line":257,"column":null}},{"start":{},"end":{}}],"line":256},"38":{"loc":{"start":{"line":256,"column":6},"end":{"line":256,"column":null}},"type":"binary-expr","locations":[{"start":{"line":256,"column":6},"end":{"line":256,"column":21}},{"start":{"line":256,"column":21},"end":{"line":256,"column":null}}],"line":256},"39":{"loc":{"start":{"line":258,"column":2},"end":{"line":259,"column":null}},"type":"if","locations":[{"start":{"line":258,"column":2},"end":{"line":259,"column":null}},{"start":{},"end":{}}],"line":258}},"s":{"0":2,"1":2,"2":2,"3":2,"4":2,"5":2,"6":2,"7":2,"8":2,"9":2,"10":2,"11":2,"12":2,"13":2,"14":2,"15":2,"16":2,"17":2,"18":2,"19":2,"20":2,"21":2,"22":2,"23":2,"24":0,"25":2,"26":2,"27":2,"28":2,"29":38,"30":38,"31":25,"32":13,"33":25,"34":2,"35":2,"36":2,"37":2,"38":2,"39":2,"40":2,"41":2,"42":2,"43":2,"44":2,"45":2,"46":2,"47":2,"48":2,"49":2,"50":2,"51":2,"52":2,"53":2,"54":2,"55":2,"56":2,"57":9,"58":5,"59":0,"60":0,"61":0,"62":0,"63":4,"64":0,"65":0,"66":0,"67":4,"68":0,"69":4,"70":1,"71":1,"72":1,"73":1,"74":4,"75":0,"76":0,"77":4,"78":0,"79":2,"80":20,"81":1,"82":19,"83":7,"84":7,"85":12,"86":12,"87":11,"88":11,"89":10,"90":10,"91":9,"92":1,"93":8,"94":0,"95":8,"96":0,"97":8,"98":3,"99":0,"100":3,"101":0,"102":3,"103":1,"104":2,"105":0,"106":7,"107":4,"108":0,"109":4,"110":1,"111":3,"112":0,"113":3,"114":3,"115":6,"116":6,"117":5,"118":5,"119":4,"120":4,"121":3,"122":1,"123":2,"124":0,"125":2,"126":2,"127":2},"f":{"0":2,"1":38,"2":25,"3":9,"4":5,"5":0,"6":0,"7":0,"8":0,"9":4,"10":0,"11":0,"12":0,"13":4,"14":0,"15":4,"16":1,"17":1,"18":1,"19":1,"20":4,"21":0,"22":0,"23":4,"24":0,"25":20},"b":{"0":[0,2],"1":[25,13],"2":[13,0],"3":[25,17],"4":[25,0],"5":[1,19],"6":[20,19],"7":[7,12],"8":[19,7],"9":[1,11],"10":[1,10],"11":[1,9],"12":[1,8],"13":[9,1],"14":[0,8],"15":[8,0],"16":[0,8],"17":[8,0,0],"18":[3,5],"19":[0,3],"20":[3,0],"21":[0,3],"22":[3,3,3],"23":[1,2],"24":[0,2],"25":[2,1],"26":[4,3],"27":[0,4],"28":[1,3],"29":[0,3],"30":[3,0],"31":[0,3],"32":[1,5],"33":[1,4],"34":[1,3],"35":[1,2],"36":[3,2,0],"37":[0,2],"38":[2,0],"39":[0,2]},"meta":{"lastBranch":40,"lastFunction":26,"lastStatement":128,"seen":{"s:30:17:30:Infinity":0,"s:31:19:31:Infinity":1,"s:32:24:32:Infinity":2,"s:33:21:33:Infinity":3,"s:34:19:34:Infinity":4,"s:35:22:35:Infinity":5,"s:36:20:36:Infinity":6,"s:37:23:37:Infinity":7,"s:38:20:38:Infinity":8,"s:39:25:39:Infinity":9,"s:40:22:40:Infinity":10,"s:41:23:41:Infinity":11,"s:42:24:42:Infinity":12,"s:43:16:43:Infinity":13,"s:44:24:44:Infinity":14,"s:45:21:45:Infinity":15,"s:46:21:46:Infinity":16,"s:47:18:47:Infinity":17,"s:48:19:48:Infinity":18,"s:49:19:49:Infinity":19,"s:50:20:50:Infinity":20,"s:51:21:51:Infinity":21,"s:54:23:54:Infinity":22,"f:61:9:61:16":0,"b:62:2:62:Infinity:undefined:undefined:undefined:undefined":0,"s:62:2:62:Infinity":23,"s:62:12:62:Infinity":24,"s:63:2:68:Infinity":25,"s:69:2:69:Infinity":26,"s:71:2:71:Infinity":27,"s:72:2:72:Infinity":28,"f:80:9:80:18":1,"s:81:16:81:Infinity":29,"b:82:2:82:Infinity:undefined:undefined:undefined:undefined":1,"s:82:2:82:Infinity":30,"s:82:13:82:Infinity":31,"s:83:2:86:Infinity":32,"b:85:13:85:25:85:25:85:29":2,"f:85:33:85:34":2,"s:85:45:85:97":33,"b:85:48:85:66:85:66:85:69":3,"b:85:73:85:86:85:86:85:88":4,"s:90:12:90:Infinity":34,"s:92:27:92:Infinity":35,"s:93:32:93:Infinity":36,"s:94:29:94:Infinity":37,"s:95:27:95:Infinity":38,"s:96:30:96:Infinity":39,"s:97:28:97:Infinity":40,"s:98:31:98:Infinity":41,"s:99:28:99:Infinity":42,"s:100:33:100:Infinity":43,"s:101:30:101:Infinity":44,"s:102:31:102:Infinity":45,"s:103:32:103:Infinity":46,"s:104:24:104:Infinity":47,"s:105:32:105:Infinity":48,"s:106:29:106:Infinity":49,"s:107:29:107:Infinity":50,"s:108:26:108:Infinity":51,"s:109:27:109:Infinity":52,"s:110:27:110:Infinity":53,"s:111:28:111:Infinity":54,"s:112:29:112:Infinity":55,"s:114:26:136:Infinity":56,"f:115:14:115:15":3,"s:115:30:115:Infinity":57,"f:116:19:116:20":4,"s:116:35:116:Infinity":58,"f:117:16:117:17":5,"s:117:32:117:Infinity":59,"f:118:14:118:15":6,"s:118:30:118:Infinity":60,"f:119:17:119:18":7,"s:119:33:119:Infinity":61,"f:120:15:120:16":8,"s:120:31:120:Infinity":62,"f:121:18:121:19":9,"s:121:34:121:Infinity":63,"f:122:15:122:16":10,"s:122:31:122:Infinity":64,"f:123:20:123:21":11,"s:123:36:123:Infinity":65,"f:124:17:124:18":12,"s:124:33:124:Infinity":66,"f:125:18:125:19":13,"s:125:34:125:Infinity":67,"f:126:19:126:20":14,"s:126:35:126:Infinity":68,"f:127:11:127:12":15,"s:127:27:127:Infinity":69,"f:128:19:128:20":16,"s:128:35:128:Infinity":70,"f:129:16:129:17":17,"s:129:32:129:Infinity":71,"f:130:16:130:17":18,"s:130:32:130:Infinity":72,"f:131:13:131:14":19,"s:131:29:131:Infinity":73,"f:132:14:132:15":20,"s:132:30:132:Infinity":74,"f:133:14:133:15":21,"s:133:30:133:Infinity":75,"f:134:15:134:16":22,"s:134:31:134:Infinity":76,"f:135:16:135:17":23,"s:135:32:135:Infinity":77,"f:140:16:140:32":24,"s:141:2:141:Infinity":78,"s:145:56:167:Infinity":79,"f:171:16:171:36":25,"b:172:2:173:Infinity:undefined:undefined:undefined:undefined":5,"s:172:2:173:Infinity":80,"b:172:6:172:15:172:15:172:Infinity":6,"s:173:4:173:Infinity":81,"b:176:2:179:Infinity:undefined:undefined:undefined:undefined":7,"s:176:2:179:Infinity":82,"b:176:6:176:47:176:47:176:86":8,"s:177:17:177:Infinity":83,"s:178:4:178:Infinity":84,"b:183:2:183:Infinity:undefined:undefined:undefined:undefined":9,"s:183:2:183:Infinity":85,"s:183:32:183:Infinity":86,"b:184:2:185:Infinity:undefined:undefined:undefined:undefined":10,"s:184:2:185:Infinity":87,"s:185:4:185:Infinity":88,"b:186:2:187:Infinity:undefined:undefined:undefined:undefined":11,"s:186:2:187:Infinity":89,"s:187:4:187:Infinity":90,"b:188:2:189:Infinity:undefined:undefined:undefined:undefined":12,"s:188:2:189:Infinity":91,"b:188:6:188:20:188:20:188:Infinity":13,"s:189:4:189:Infinity":92,"b:192:2:193:Infinity:undefined:undefined:undefined:undefined":14,"s:192:2:193:Infinity":93,"b:192:6:192:26:192:26:192:Infinity":15,"s:193:4:193:Infinity":94,"b:194:2:195:Infinity:undefined:undefined:undefined:undefined":16,"s:194:2:195:Infinity":95,"b:194:6:194:30:194:30:194:46:194:46:194:Infinity":17,"s:195:4:195:Infinity":96,"b:198:2:206:Infinity:undefined:undefined:undefined:undefined":18,"s:198:2:206:Infinity":97,"b:199:4:200:Infinity:undefined:undefined:undefined:undefined":19,"s:199:4:200:Infinity":98,"b:199:8:199:24:199:24:199:Infinity":20,"s:200:6:200:Infinity":99,"b:201:4:202:Infinity:undefined:undefined:undefined:undefined":21,"s:201:4:202:Infinity":100,"b:201:8:201:29:201:29:201:54:201:54:201:Infinity":22,"s:202:6:202:Infinity":101,"b:203:4:203:Infinity:undefined:undefined:undefined:undefined":23,"s:203:4:203:Infinity":102,"s:203:22:203:Infinity":103,"b:204:4:205:Infinity:undefined:undefined:undefined:undefined":24,"s:204:4:205:Infinity":104,"b:204:8:204:23:204:23:204:Infinity":25,"s:205:6:205:Infinity":105,"b:208:2:227:Infinity:undefined:undefined:undefined:undefined":26,"s:208:2:227:Infinity":106,"b:209:4:209:Infinity:undefined:undefined:undefined:undefined":27,"s:209:4:209:Infinity":107,"s:209:22:209:Infinity":108,"b:210:4:210:Infinity:undefined:undefined:undefined:undefined":28,"s:210:4:210:Infinity":109,"s:210:22:210:Infinity":110,"b:211:4:224:Infinity:undefined:undefined:undefined:undefined":29,"s:211:4:224:Infinity":111,"b:212:6:212:Infinity:213:6:222:Infinity":30,"s:224:6:224:Infinity":112,"b:225:4:226:Infinity:undefined:undefined:undefined:undefined":31,"s:225:4:226:Infinity":113,"s:226:6:226:Infinity":114,"b:230:2:231:Infinity:undefined:undefined:undefined:undefined":32,"s:230:2:231:Infinity":115,"s:231:4:231:Infinity":116,"b:232:2:233:Infinity:undefined:undefined:undefined:undefined":33,"s:232:2:233:Infinity":117,"s:233:4:233:Infinity":118,"b:234:2:234:Infinity:undefined:undefined:undefined:undefined":34,"s:234:2:234:Infinity":119,"s:234:34:234:Infinity":120,"b:235:2:255:Infinity:undefined:undefined:undefined:undefined":35,"s:235:2:255:Infinity":121,"b:236:4:236:Infinity:237:5:237:Infinity:238:6:253:Infinity":36,"s:255:4:255:Infinity":122,"b:256:2:257:Infinity:undefined:undefined:undefined:undefined":37,"s:256:2:257:Infinity":123,"b:256:6:256:21:256:21:256:Infinity":38,"s:257:4:257:Infinity":124,"b:258:2:259:Infinity:undefined:undefined:undefined:undefined":39,"s:258:2:259:Infinity":125,"s:259:4:259:Infinity":126,"s:262:2:262:Infinity":127}}}
}
