TN:
SF:src/validators.ts
FN:61,getAjv
FN:80,toResult
FN:85,(anonymous_2)
FN:115,(anonymous_3)
FN:116,(anonymous_4)
FN:117,(anonymous_5)
FN:118,(anonymous_6)
FN:119,(anonymous_7)
FN:120,(anonymous_8)
FN:121,(anonymous_9)
FN:122,(anonymous_10)
FN:123,(anonymous_11)
FN:124,(anonymous_12)
FN:125,(anonymous_13)
FN:126,(anonymous_14)
FN:127,(anonymous_15)
FN:128,(anonymous_16)
FN:129,(anonymous_17)
FN:130,(anonymous_18)
FN:131,(anonymous_19)
FN:132,(anonymous_20)
FN:133,(anonymous_21)
FN:134,(anonymous_22)
FN:135,(anonymous_23)
FN:140,validateMessage
FN:171,classifyAndValidate
FNF:26
FNH:15
FNDA:2,getAjv
FNDA:38,toResult
FNDA:25,(anonymous_2)
FNDA:9,(anonymous_3)
FNDA:5,(anonymous_4)
FNDA:0,(anonymous_5)
FNDA:0,(anonymous_6)
FNDA:0,(anonymous_7)
FNDA:0,(anonymous_8)
FNDA:4,(anonymous_9)
FNDA:0,(anonymous_10)
FNDA:0,(anonymous_11)
FNDA:0,(anonymous_12)
FNDA:4,(anonymous_13)
FNDA:0,(anonymous_14)
FNDA:4,(anonymous_15)
FNDA:1,(anonymous_16)
FNDA:1,(anonymous_17)
FNDA:1,(anonymous_18)
FNDA:1,(anonymous_19)
FNDA:4,(anonymous_20)
FNDA:0,(anonymous_21)
FNDA:0,(anonymous_22)
FNDA:4,(anonymous_23)
FNDA:0,validateMessage
FNDA:20,classifyAndValidate
DA:30,2
DA:31,2
DA:32,2
DA:33,2
DA:34,2
DA:35,2
DA:36,2
DA:37,2
DA:38,2
DA:39,2
DA:40,2
DA:41,2
DA:42,2
DA:43,2
DA:44,2
DA:45,2
DA:46,2
DA:47,2
DA:48,2
DA:49,2
DA:50,2
DA:51,2
DA:54,2
DA:62,2
DA:63,2
DA:69,2
DA:71,2
DA:72,2
DA:81,38
DA:82,38
DA:83,13
DA:85,25
DA:90,2
DA:92,2
DA:93,2
DA:94,2
DA:95,2
DA:96,2
DA:97,2
DA:98,2
DA:99,2
DA:100,2
DA:101,2
DA:102,2
DA:103,2
DA:104,2
DA:105,2
DA:106,2
DA:107,2
DA:108,2
DA:109,2
DA:110,2
DA:111,2
DA:112,2
DA:114,2
DA:115,9
DA:116,5
DA:117,0
DA:118,0
DA:119,0
DA:120,0
DA:121,4
DA:122,0
DA:123,0
DA:124,0
DA:125,4
DA:126,0
DA:127,4
DA:128,1
DA:129,1
DA:130,1
DA:131,1
DA:132,4
DA:133,0
DA:134,0
DA:135,4
DA:141,0
DA:145,2
DA:172,20
DA:173,1
DA:176,19
DA:177,7
DA:178,7
DA:183,12
DA:184,11
DA:185,11
DA:186,10
DA:187,10
DA:188,9
DA:189,1
DA:192,8
DA:193,0
DA:194,8
DA:195,0
DA:198,8
DA:199,3
DA:200,0
DA:201,3
DA:202,0
DA:203,3
DA:204,2
DA:205,0
DA:208,7
DA:209,4
DA:210,4
DA:211,3
DA:224,0
DA:225,3
DA:226,3
DA:230,6
DA:231,6
DA:232,5
DA:233,5
DA:234,4
DA:235,3
DA:255,1
DA:256,2
DA:257,0
DA:258,2
DA:259,2
DA:262,2
LF:121
LH:103
BRDA:62,0,0,0
BRDA:62,0,1,2
BRDA:82,1,0,25
BRDA:82,1,1,13
BRDA:85,2,0,13
BRDA:85,2,1,0
BRDA:85,3,0,25
BRDA:85,3,1,17
BRDA:85,4,0,25
BRDA:85,4,1,0
BRDA:172,5,0,1
BRDA:172,5,1,19
BRDA:172,6,0,20
BRDA:172,6,1,19
BRDA:176,7,0,7
BRDA:176,7,1,12
BRDA:176,8,0,19
BRDA:176,8,1,7
BRDA:183,9,0,1
BRDA:183,9,1,11
BRDA:184,10,0,1
BRDA:184,10,1,10
BRDA:186,11,0,1
BRDA:186,11,1,9
BRDA:188,12,0,1
BRDA:188,12,1,8
BRDA:188,13,0,9
BRDA:188,13,1,1
BRDA:192,14,0,0
BRDA:192,14,1,8
BRDA:192,15,0,8
BRDA:192,15,1,0
BRDA:194,16,0,0
BRDA:194,16,1,8
BRDA:194,17,0,8
BRDA:194,17,1,0
BRDA:194,17,2,0
BRDA:198,18,0,3
BRDA:198,18,1,5
BRDA:199,19,0,0
BRDA:199,19,1,3
BRDA:199,20,0,3
BRDA:199,20,1,0
BRDA:201,21,0,0
BRDA:201,21,1,3
BRDA:201,22,0,3
BRDA:201,22,1,3
BRDA:201,22,2,3
BRDA:203,23,0,1
BRDA:203,23,1,2
BRDA:204,24,0,0
BRDA:204,24,1,2
BRDA:204,25,0,2
BRDA:204,25,1,1
BRDA:208,26,0,4
BRDA:208,26,1,3
BRDA:209,27,0,0
BRDA:209,27,1,4
BRDA:210,28,0,1
BRDA:210,28,1,3
BRDA:211,29,0,0
BRDA:211,29,1,3
BRDA:212,30,0,3
BRDA:212,30,1,0
BRDA:225,31,0,0
BRDA:225,31,1,3
BRDA:230,32,0,1
BRDA:230,32,1,5
BRDA:232,33,0,1
BRDA:232,33,1,4
BRDA:234,34,0,1
BRDA:234,34,1,3
BRDA:235,35,0,1
BRDA:235,35,1,2
BRDA:236,36,0,3
BRDA:236,36,1,2
BRDA:236,36,2,0
BRDA:256,37,0,0
BRDA:256,37,1,2
BRDA:256,38,0,2
BRDA:256,38,1,0
BRDA:258,39,0,0
BRDA:258,39,1,2
BRF:83
BRH:63
end_of_record
